<?xml version="1.0" encoding="UTF-8"?>
<!-- Generated by org.testng.reporters.JUnitReportReporter -->
<testsuite hostname="QSIH-00268" name="com.pp.tests.EnrollPageTest" tests="2" failures="0" timestamp="15 Dec 2015 11:37:47 GMT" time="7.247" errors="0">
  <testcase name="VerifyEnrollmentToken" time="1.907" classname="com.pp.tests.EnrollPageTest"/>
  <testcase name="verifyEnrollPageElements" time="5.340" classname="com.pp.tests.EnrollPageTest"/>
</testsuite> <!-- com.pp.tests.EnrollPageTest -->
